CRITICAL - 2024-03-19 12:08:14 --> Invalid file: "list_books.php"
in SYSTEMPATH\Exceptions\FrameworkException.php on line 39.
 1 SYSTEMPATH\View\View.php(214): CodeIgniter\Exceptions\FrameworkException::forInvalidFile('list_books.php')
 2 SYSTEMPATH\Common.php(1174): CodeIgniter\View\View->render('list_books', [], true)
 3 APPPATH\Controllers\Books.php(46): view('list_books', [...])
 4 SYSTEMPATH\CodeIgniter.php(932): App\Controllers\Books->listBooks()
 5 SYSTEMPATH\CodeIgniter.php(497): CodeIgniter\CodeIgniter->runController(Object(App\Controllers\Books))
 6 SYSTEMPATH\CodeIgniter.php(366): CodeIgniter\CodeIgniter->handleRequest(null, Object(Config\Cache), false)
 7 FCPATH\index.php(67): CodeIgniter\CodeIgniter->run()
 8 SYSTEMPATH\Commands\Server\rewrite.php(47): require_once('C:\\xampp\\htdocs\\CodeIgniter4-4.3.8\\public\\index.php')
ERROR - 2024-03-19 15:11:34 --> Error connecting to the database: mysqli_sql_exception: Unknown database 'swe2' in C:\Users\gunktp14\Desktop\Ebook-php-codeigniter-main\system\Database\MySQLi\Connection.php:173
Stack trace:
#0 C:\Users\gunktp14\Desktop\Ebook-php-codeigniter-main\system\Database\MySQLi\Connection.php(173): mysqli->real_connect('localhost', 'root', Object(SensitiveParameterValue), 'swe2', 3306, '', 0)
#1 C:\Users\gunktp14\Desktop\Ebook-php-codeigniter-main\system\Database\BaseConnection.php(391): CodeIgniter\Database\MySQLi\Connection->connect(false)
#2 C:\Users\gunktp14\Desktop\Ebook-php-codeigniter-main\system\Database\BaseConnection.php(574): CodeIgniter\Database\BaseConnection->initialize()
#3 C:\Users\gunktp14\Desktop\Ebook-php-codeigniter-main\system\Database\BaseBuilder.php(1616): CodeIgniter\Database\BaseConnection->query('SELECT *\nFROM `...', Array, false)
#4 C:\Users\gunktp14\Desktop\Ebook-php-codeigniter-main\system\Model.php(237): CodeIgniter\Database\BaseBuilder->get()
#5 C:\Users\gunktp14\Desktop\Ebook-php-codeigniter-main\system\BaseModel.php(624): CodeIgniter\Model->doFindAll(0, 0)
#6 C:\Users\gunktp14\Desktop\Ebook-php-codeigniter-main\app\Controllers\Books.php(44): CodeIgniter\BaseModel->findAll()
#7 C:\Users\gunktp14\Desktop\Ebook-php-codeigniter-main\system\CodeIgniter.php(932): App\Controllers\Books->listBooks()
#8 C:\Users\gunktp14\Desktop\Ebook-php-codeigniter-main\system\CodeIgniter.php(497): CodeIgniter\CodeIgniter->runController(Object(App\Controllers\Books))
#9 C:\Users\gunktp14\Desktop\Ebook-php-codeigniter-main\system\CodeIgniter.php(366): CodeIgniter\CodeIgniter->handleRequest(NULL, Object(Config\Cache), false)
#10 C:\Users\gunktp14\Desktop\Ebook-php-codeigniter-main\public\index.php(67): CodeIgniter\CodeIgniter->run()
#11 C:\Users\gunktp14\Desktop\Ebook-php-codeigniter-main\system\Commands\Server\rewrite.php(47): require_once('C:\\Users\\gunktp...')
#12 {main}

Next CodeIgniter\Database\Exceptions\DatabaseException: Unknown database 'swe2' in C:\Users\gunktp14\Desktop\Ebook-php-codeigniter-main\system\Database\MySQLi\Connection.php:218
Stack trace:
#0 C:\Users\gunktp14\Desktop\Ebook-php-codeigniter-main\system\Database\BaseConnection.php(391): CodeIgniter\Database\MySQLi\Connection->connect(false)
#1 C:\Users\gunktp14\Desktop\Ebook-php-codeigniter-main\system\Database\BaseConnection.php(574): CodeIgniter\Database\BaseConnection->initialize()
#2 C:\Users\gunktp14\Desktop\Ebook-php-codeigniter-main\system\Database\BaseBuilder.php(1616): CodeIgniter\Database\BaseConnection->query('SELECT *\nFROM `...', Array, false)
#3 C:\Users\gunktp14\Desktop\Ebook-php-codeigniter-main\system\Model.php(237): CodeIgniter\Database\BaseBuilder->get()
#4 C:\Users\gunktp14\Desktop\Ebook-php-codeigniter-main\system\BaseModel.php(624): CodeIgniter\Model->doFindAll(0, 0)
#5 C:\Users\gunktp14\Desktop\Ebook-php-codeigniter-main\app\Controllers\Books.php(44): CodeIgniter\BaseModel->findAll()
#6 C:\Users\gunktp14\Desktop\Ebook-php-codeigniter-main\system\CodeIgniter.php(932): App\Controllers\Books->listBooks()
#7 C:\Users\gunktp14\Desktop\Ebook-php-codeigniter-main\system\CodeIgniter.php(497): CodeIgniter\CodeIgniter->runController(Object(App\Controllers\Books))
#8 C:\Users\gunktp14\Desktop\Ebook-php-codeigniter-main\system\CodeIgniter.php(366): CodeIgniter\CodeIgniter->handleRequest(NULL, Object(Config\Cache), false)
#9 C:\Users\gunktp14\Desktop\Ebook-php-codeigniter-main\public\index.php(67): CodeIgniter\CodeIgniter->run()
#10 C:\Users\gunktp14\Desktop\Ebook-php-codeigniter-main\system\Commands\Server\rewrite.php(47): require_once('C:\\Users\\gunktp...')
#11 {main}
CRITICAL - 2024-03-19 15:11:34 --> Unable to connect to the database.
Main connection [MySQLi]: Unknown database 'swe2'
in SYSTEMPATH\Database\BaseConnection.php on line 427.
 1 SYSTEMPATH\Database\BaseConnection.php(574): CodeIgniter\Database\BaseConnection->initialize()
 2 SYSTEMPATH\Database\BaseBuilder.php(1616): CodeIgniter\Database\BaseConnection->query('SELECT *
FROM `books`', [], false)
 3 SYSTEMPATH\Model.php(237): CodeIgniter\Database\BaseBuilder->get()
 4 SYSTEMPATH\BaseModel.php(624): CodeIgniter\Model->doFindAll(0, 0)
 5 APPPATH\Controllers\Books.php(44): CodeIgniter\BaseModel->findAll()
 6 SYSTEMPATH\CodeIgniter.php(932): App\Controllers\Books->listBooks()
 7 SYSTEMPATH\CodeIgniter.php(497): CodeIgniter\CodeIgniter->runController(Object(App\Controllers\Books))
 8 SYSTEMPATH\CodeIgniter.php(366): CodeIgniter\CodeIgniter->handleRequest(null, Object(Config\Cache), false)
 9 FCPATH\index.php(67): CodeIgniter\CodeIgniter->run()
10 SYSTEMPATH\Commands\Server\rewrite.php(47): require_once('C:\\Users\\gunktp14\\Desktop\\Ebook-php-codeigniter-main\\public\\index.php')
ERROR - 2024-03-19 15:11:47 --> Error connecting to the database: mysqli_sql_exception: Unknown database 'swe2' in C:\Users\gunktp14\Desktop\Ebook-php-codeigniter-main\system\Database\MySQLi\Connection.php:173
Stack trace:
#0 C:\Users\gunktp14\Desktop\Ebook-php-codeigniter-main\system\Database\MySQLi\Connection.php(173): mysqli->real_connect('localhost', 'root', Object(SensitiveParameterValue), 'swe2', 3306, '', 0)
#1 C:\Users\gunktp14\Desktop\Ebook-php-codeigniter-main\system\Database\BaseConnection.php(391): CodeIgniter\Database\MySQLi\Connection->connect(false)
#2 C:\Users\gunktp14\Desktop\Ebook-php-codeigniter-main\system\Database\BaseConnection.php(574): CodeIgniter\Database\BaseConnection->initialize()
#3 C:\Users\gunktp14\Desktop\Ebook-php-codeigniter-main\system\Database\BaseBuilder.php(1616): CodeIgniter\Database\BaseConnection->query('SELECT *\nFROM `...', Array, false)
#4 C:\Users\gunktp14\Desktop\Ebook-php-codeigniter-main\system\Model.php(237): CodeIgniter\Database\BaseBuilder->get()
#5 C:\Users\gunktp14\Desktop\Ebook-php-codeigniter-main\system\BaseModel.php(624): CodeIgniter\Model->doFindAll(0, 0)
#6 C:\Users\gunktp14\Desktop\Ebook-php-codeigniter-main\app\Controllers\Books.php(44): CodeIgniter\BaseModel->findAll()
#7 C:\Users\gunktp14\Desktop\Ebook-php-codeigniter-main\system\CodeIgniter.php(932): App\Controllers\Books->listBooks()
#8 C:\Users\gunktp14\Desktop\Ebook-php-codeigniter-main\system\CodeIgniter.php(497): CodeIgniter\CodeIgniter->runController(Object(App\Controllers\Books))
#9 C:\Users\gunktp14\Desktop\Ebook-php-codeigniter-main\system\CodeIgniter.php(366): CodeIgniter\CodeIgniter->handleRequest(NULL, Object(Config\Cache), false)
#10 C:\Users\gunktp14\Desktop\Ebook-php-codeigniter-main\public\index.php(67): CodeIgniter\CodeIgniter->run()
#11 C:\Users\gunktp14\Desktop\Ebook-php-codeigniter-main\system\Commands\Server\rewrite.php(47): require_once('C:\\Users\\gunktp...')
#12 {main}

Next CodeIgniter\Database\Exceptions\DatabaseException: Unknown database 'swe2' in C:\Users\gunktp14\Desktop\Ebook-php-codeigniter-main\system\Database\MySQLi\Connection.php:218
Stack trace:
#0 C:\Users\gunktp14\Desktop\Ebook-php-codeigniter-main\system\Database\BaseConnection.php(391): CodeIgniter\Database\MySQLi\Connection->connect(false)
#1 C:\Users\gunktp14\Desktop\Ebook-php-codeigniter-main\system\Database\BaseConnection.php(574): CodeIgniter\Database\BaseConnection->initialize()
#2 C:\Users\gunktp14\Desktop\Ebook-php-codeigniter-main\system\Database\BaseBuilder.php(1616): CodeIgniter\Database\BaseConnection->query('SELECT *\nFROM `...', Array, false)
#3 C:\Users\gunktp14\Desktop\Ebook-php-codeigniter-main\system\Model.php(237): CodeIgniter\Database\BaseBuilder->get()
#4 C:\Users\gunktp14\Desktop\Ebook-php-codeigniter-main\system\BaseModel.php(624): CodeIgniter\Model->doFindAll(0, 0)
#5 C:\Users\gunktp14\Desktop\Ebook-php-codeigniter-main\app\Controllers\Books.php(44): CodeIgniter\BaseModel->findAll()
#6 C:\Users\gunktp14\Desktop\Ebook-php-codeigniter-main\system\CodeIgniter.php(932): App\Controllers\Books->listBooks()
#7 C:\Users\gunktp14\Desktop\Ebook-php-codeigniter-main\system\CodeIgniter.php(497): CodeIgniter\CodeIgniter->runController(Object(App\Controllers\Books))
#8 C:\Users\gunktp14\Desktop\Ebook-php-codeigniter-main\system\CodeIgniter.php(366): CodeIgniter\CodeIgniter->handleRequest(NULL, Object(Config\Cache), false)
#9 C:\Users\gunktp14\Desktop\Ebook-php-codeigniter-main\public\index.php(67): CodeIgniter\CodeIgniter->run()
#10 C:\Users\gunktp14\Desktop\Ebook-php-codeigniter-main\system\Commands\Server\rewrite.php(47): require_once('C:\\Users\\gunktp...')
#11 {main}
CRITICAL - 2024-03-19 15:11:47 --> Unable to connect to the database.
Main connection [MySQLi]: Unknown database 'swe2'
in SYSTEMPATH\Database\BaseConnection.php on line 427.
 1 SYSTEMPATH\Database\BaseConnection.php(574): CodeIgniter\Database\BaseConnection->initialize()
 2 SYSTEMPATH\Database\BaseBuilder.php(1616): CodeIgniter\Database\BaseConnection->query('SELECT *
FROM `books`', [], false)
 3 SYSTEMPATH\Model.php(237): CodeIgniter\Database\BaseBuilder->get()
 4 SYSTEMPATH\BaseModel.php(624): CodeIgniter\Model->doFindAll(0, 0)
 5 APPPATH\Controllers\Books.php(44): CodeIgniter\BaseModel->findAll()
 6 SYSTEMPATH\CodeIgniter.php(932): App\Controllers\Books->listBooks()
 7 SYSTEMPATH\CodeIgniter.php(497): CodeIgniter\CodeIgniter->runController(Object(App\Controllers\Books))
 8 SYSTEMPATH\CodeIgniter.php(366): CodeIgniter\CodeIgniter->handleRequest(null, Object(Config\Cache), false)
 9 FCPATH\index.php(67): CodeIgniter\CodeIgniter->run()
10 SYSTEMPATH\Commands\Server\rewrite.php(47): require_once('C:\\Users\\gunktp14\\Desktop\\Ebook-php-codeigniter-main\\public\\index.php')
